apostar	Tanto mais que o governo aposta numa 'grande campanha demagógica ', que poderá registar alguma adesão (nomeadamente quando recorre à contraposição propinas -- impostos) e simultaneamente tem vindo a promover uma 'estratégia de divisão dos estudantes ' -- do Politécnico , do Ensino Superior público e do Ensino Superior privado .
apostar	Apesar das dificuldades com que se debate (mantêm-se limitações anti-democráticas à sua actividade , como a interdição da sua organização nas empresas e locais de trabalho) , o PCFR aposta no futuro , como refere ao « Avante !
apostar#	Mas a interpelação do PCP ao Governo foi ainda o teste que permitiu confirmar , por um lado , que o PS visa dramatizar artificialmente a vida política -- camuflando por esta via a ausência de resposta aos grandes problemas -- , e , por outro , que aposta na instabilidade política .
apostar	Entre outras propostas , a Coligação aposta no alargamento da rede pré-escolar e exige a construção de uma nova escola secundária .
apostar	Defendendo a valorização do papel das freguesias no desenvolvimento local e na organização da luta reivindicativa das populações , a CDU/Madeira aposta forte nas listas para as dez freguesias do Funchal , tendo apresentado os cabeças de lista durante o encontro de candidatos e activistas realizado recentemente no Funchal .
apostar	O núcleo local da JCP defende que jovens cidadãos mais cultos e participativos serão futuros cidadãos que terão lugar fundamental na construção de uma sociedade mais humana e justa e nessa perspectiva aposta numa série de iniciativas para lançar um debate aberto entre pessoas que não escondem o que pensam e que se sintam à vontade para manifestarem a sua opinião .
apostar?#	aposta numa política de mão-de-obra barata .
apostar	A CDU não vai desistir da ideia e aposta no aumento de eleitos na Assembleia Municipal e na Câmara para deslocar a penitenciária para fora da cidade e devolver aquele espaço privilegiado à população do concelho .
apostar	Em Vila Nova de Famalicão , a CDU aposta na juventude e candidata à presidência da Câmara Municipal a jovem Carla Alexandra Barbosa , 27 anos , educadora de infância .
apostar#	Direcção aposta no diálogo com a CGTP O.eforço do diálogo com a CGTP-IN é um dos objectivos da nova direcção do .
apostar	No último número do « Expresso » , Manuel Alegre , num artigo onde aliás se define « como homem de esquerda que aposta no diálogo entre as duas principais componentes » , apela a « uma real abertura do PCP » para que « não continue a erigir o PS como inimigo principal » e para « superar uma certa cultura anti-socialista que nele prevalece » .
apostar	Partindo desta base , a JCP aposta numa 'organização na rua ', ainda mais 'virada para fora ' e define , como objectivos centrais para 1998 .
apostar	Esta não é , infelizmente , a posição que impera no Pp , que aposta com todas as armas que tem nas suas mãos em estabelecer uma única saída possível : a cega via policial .
apostar	da Irlanda do Norte confirmam o resultado do referendo sobre o processo de paz para o Ulster : a população aposta na conjugação dos esforços e na coabitação de cristãos e protestantes.
apostar	Questão que é fundamental para o PCP : essa e não imaginários calculismos ou negociatas de bastidores que não são o estilo de quem aposta na transparência e em princípios .
apostar#	do Seixal que aposta em encontros de várias modalidades .
apostar	A Esquerda Unida aposta neste caminho e o seu líder , Julio Anguita , defendeu no discurso da Festa do PCE para a Espanha .
apostar#	de delegados e convidados , este congresso foi animado pelos resultados conseguidos pelo Partido , através de uma intervenção que aposta na renovação para um trabalho mais eficaz.
apostar	É o caso do apoio a entidades privadas com fins lucrativos na área do atendimento , tratamento e reinserção , e da não aposta na ampliação da rede pública , que no âmbito das Comunidades Terapêuticas é praticamente inexistente (está limitada a 35 camas) .
apostar#	Lisboa e o Desporto Lisboa aposta no desporto Antever e projectar Lisboa como uma cidade mais desportiva no próximo milénio foi o principal objectivo do 1º .
apostar	Face aos resultados positivos entretanto obtidos e à gravidade dos problemas não resolvidos , a ARAVIS aposta na continuidade da luta .
apostar	No quadro da preparação do VI Congresso da JCP , a Direcção Distrital do Porto aposta , em particular no desenvolvimento de um conjunto de matérias relacionadas com o racismo , a toxicodependência , a exigência de uma sexualidade esclarecida , a discussão do sentido actual de um sistema de Defesa Nacional , o associativismo , o ambiente , a solidariedade e a actualidade do ideal comunista .
apostar	Os aumentos decididos pelo Governo « vão acentuar ainda mais a diferença em causa » , considerou Carvalho da Silva , reafirmando que « não é com uma política de baixos salários que se aposta numa estratégia de desenvolvimento » .
apostar	E que , para isso , aposta em baralhar , confundir , anestesiar , enervar e paralisar a base de apoio -- a existente e a potencial .
apostar	Para a Comissão de Trabalhadores , a nomeação decidida pela administração mostra que , « não satisfeita com o mau trabalho que prestou à empresa e ao País com a última reestruturação (verticalização) , aposta agora na fuga para a frente » .
apostar	quando não quer ou não tem a coragem de abordar de frente a incontornável questão da reforma fiscal ou quando aposta permanentemente em meras operações de cosmética pré-eleitoral e de marketing político como foi o caso do anuncio de mais um .
apostar	Com dificuldades em chegar às pessoas através da comunicação social , a CDU aposta no contacto directo e os resultados são bastante positivos .
apostar	A coligação aposta , porém , na juventude , o que , aliás , já fez nas eleições para o Parlamento Europeu com resultados excelentes .
apostar	Conceição aposta na normalização da situação .
apostar?	Desde então aposta na radicalização do discurso político , nomeadamente na vertente xenófoba , acusando o poder central de « exploração colonial » e de passividade face à infiltração de mafiosos , criminosos e emigrantes clandestinos .
apostar	Segundo a Agência Lusa apurou , Lisboa aposta num entendimento com a Comissão aceitando uma transição de quatro anos apenas aplicável a uma base territorial que envolva 10,2% da população portuguesa .
apostar	À boa maneira do patronato que não reconhece outros interesses e direitos que não os seus , a companhia , surpreendida pela unidade de trabalhadores sem tradições de luta , aposta na desmobilização a curto prazo .
apostar	« Na campanha pela legalização da IVG , quem não esteve de acordo teve uma atitude perversa em relação às mulheres » , considera Cláudia , que aposta na possibilidade da lei passar em breve .
apostar	O programa da aliança OVP-FPO aposta no favorecimento do grande capital e na especulação financeira , tendo como alvos a abater as pensões , a saúde , o subsídio de desemprego .
apostar	Fado , rock , jazz são alguns dos géneros musicais anunciados no programa , que aposta na diversidade de espectáculos e manifestações artísticas , onde se destacam o teatro , a poesia , as artes plásticas e a fotografia , estando já confirmada a exposição de « Eduardo Gageiro As 25 Fotos de Abril » .
apostar	Apesar do chumbo do PSD a CDU não desiste e , para além da promoção desta reivindicação através da distribuição de postais , endereçados ao Presidente do Governo Regional , nos quais se exige a redução dos 20% no IRS , aposta também na divulgação desta proposta aos cidadãos de forma directa , como foi o caso da Caravana do IRS .
apostar	No entanto , em contradição com esta análise , como observou o deputado do PCP , Joaquim Miranda , a resolução aposta numa maior liberalização do sector , em todas as suas vertentes , assim como na transferência de soberania do espaço aéreo .
apostar	Se a tudo isto juntarmos os imigrantes ilegais que trabalham numa semi-escravidão , do novo decreto lei que dá visto temporário de cinco anos aos imigrantes ilegais que possuam contrato legal com as empresas , elogiado de pronto por Le Pen , e todas as condições degradantes que os imigrantes vivem numa Europa que aposta na Internet (quando mais de metade do mundo nem electricidade tem) , o filme de Mizoguchi já não nos parece tão anacrónico assim (e isto sem entrar no melindroso campo sobre o papel fundamental da Arte no mundo actual) .
apostar	Entretanto , o dito candidato aproveitou sabiamente o facto de estarem a ser finalmente processados os complementos de pensão para declarar que o actual Executivo aposta forte no conforto dos idosos e « que tem sido feito um grande esforço no sentido de tornar os dias dos idosos mais felizes , mais saudáveis , etc., etc. .
apostar	Mas convém acentuar que ao passo que o « Big » aposta dominantemente na bisbilhotice basbaque dos telespectadores que esperam poder espreitar cenas de sexo ao vivo , « Survivor » parece ter investido mais na morbidez da gula por cenas repugnantes .
apostar	Ao contrário daqueles que invocam a « mão invísivel » do mercado , o Outro Davos aposta nas mãos e na inteligência de inúmeras mulheres e homens .
apostar	O principal visado , nas palavras do parlamentar do PCP , é o patronato do sector têxtil que « aposta nos baixos salários e nos elevados ritmos de trabalho como alternativas à introdução de novas tecnologias » .
apostar	A coligação , afirma , « é a única força política que aposta num projecto autárquico que é mais do que um enunciado de princípios , possuindo características singulares e distintivas , impostas pela participação popular ao longo dos anos , às quais temos sido , sempre e reconhecidamente , fiéis » .
apostar	A polémica de que nestes dias foi centro o Hospital Distrital de Santarém , surge como um exemplo significativo da linha política em que aposta o Ministério da Saúde .
apostar	O documento aposta na necessidade de afirmar e efectivar direitos no trabalho e no emprego , numa nova partilha de direitos e funções associados à maternidade e paternidade .
?#	Emigrantes merecem melhor sorte Pôr cobro aos atropelos Lei de bases da família Pós-de-Mina recandidata-se pela CDU em Moura CDU aposta novamente em José Pós-de-Mina em Moura Construir no dia a dia uma vida melhor « O.rograma eleitoral da CDU .
?	O plenário da CIS verificou que há « processos desestabilizadores nas empresas , com um aumento de insegurança no emprego e consequente incerteza pelo futuro » , enquanto « continua a crescente destruição de postos de trabalho , retirada de direitos e regalias , aposta numa política de mão-de-obra pouco qualificada , na precarização e trabalho clandestino e no não rejuvenescimento da mão-de-obra , de forma a garantir o futuro » .
apostar	A CDU aposta nos actuais presidentes das câmaras de Borba e Redondo , em cujas apresentações contaram com a presença de centenas de apoiantes e alguns dirigentes do Partido .
apostar	A ajuda à exploração proposta seria uma espécie de rendimento mínimo garantido para os agricultores , num contexto em que se acabam com os regimes de quotas e limiares de produção , se anulam os mecanismos de intervenção , se aposta na exportação e se liberaliza mais o comércio .
apostar	Como é verdade que traduzem no essencial uma linha de orientação que aposta na privatização e privilegia os grandes interesse económicos privados e o máximo lucro em detrimento do interesse público .
?#	« Contudo , a reivindicação identitária e linguística tamazigh berbere que o poder aposta em diabolizar faz parte da questão democrática » , afirma o RCD .
apostar	na Damaia : PCP exige medidas Breves da Assembleia da República Os cotas Álvaro Saraiva , candidato no Montijo CDU aposta em Álvaro Saraiva para recuperar a Câmara do Montijo , perdida há quatro anos Alcançar um bom resultado Membro da .
apostar	Com o apoio da Câmara Municipal , que desde há anos aposta ousadamente na popularização do xadrez , estão em actividade programas dedicados a turmas do Ensino Básico e a jardins de infância .
apostar	Os « Contrabando » são uma banda recém formada que apresenta na Festa o seu primeiro trabalho discográfico , intitulado « Fresta » , que aposta na « revivência » da música popular portuguesa em temas originais marcados por sons tradicionais .
apostar	É nessa direcção que vão todas as propostas defendidas pela bancada comunista , que aposta , designadamente , na criação de um « Banco de Terras » constituído , entre outros , pelos prédios rústicos expropriados por declaração de utilidade pública e pelos adquiridos pelo Estado .
apostar	« Face à subserviência do Governo , o grande patronato aposta numa escalada qualitativa , em termos de subordinação do poder político face ao poder económico » , acusou a Frente Comum de Sindicatos da Administração Pública .
apostar	Contrastando com a falta de propostas e de ética dos opositores , a CDU aposta forte em políticas intermunicipais , como a adopção de um Plano Estratégico de Desenvolvimento do Litoral Alentejano , a ser assumido pela Associação de Municípios , e que aponte linhas e intervenções para o desenvolvimento da região em vários campos e que parta das propostas da CDU já existentes para cada município .
apostar	Álvaro Amaro , cabeça de lista à Assembleia Municipal de Palmela , fez as apresentações , enquanto a animação foi da responsabilidade de um grupo que aposta na divulgação da música genuinamente portuguesa , como o próprio nome indica -- "Ó da Gaita! ", e uma bateria de bombos , originalmente baptizada de « Bardoada » .
apostar	O Sindicato considera que a brutal supressão de comboios agora registada se deve a 'uma estratégia que aposta no transporte individual ' .
apostar	Os minhotos precisavam de outra velocidade e Oliveira aposta em Gil .
apostar	Nem sempre quem aposta no ataque deliberado ganha os jogos porque mesmo depois do reforço da frente ofensiva , a equipa de Quinito esteve sempre em desvantagem perante o maior (e o melhor) povoamento do terreno por parte do Leiria .
apostar	Resumidamente , o técnico aposta que tem « uma tarefa mais fácil » do que a do Lixa , do SP. Braga B. do Lourosa .
apostar	Oliveira aposta ainda em Paulo Madeira para o lugar de Figo , reforçando um muro quase inexpugnável , que valeu uma vitória preciosa para uma equipa que tem a 26 de Abril o seu grande teste para o Euro/96, frente ao Eire .
apostar	Com um « aparelho » ofensivo estruturado em 2x2x2, sem flanqueadores , o Benfica adapta-se ao ritmo de Jamir e Bruno Caires e aposta nos truques que Valdo , João Pinto e o romeno têm sempre na manga .
apostar	As demais ficam pelo caminho e nem sempre a que sobe é aquela em que a maioria aposta .
apostar	Esta equipa técnica aposta , isso sim , em entrar em campo com espírito ganhador e é com esta postura que vamos encarar todos os jogos .
apostar	Heynckes aposta na surpresa Uribe .
n-é-verbo	Sinto-me a 100% , durante a semana treinei-me sem qualquer problema e estou pronto a dar o meu contributo à equipa » , referiu , sem esconder a esperança de ser aposta de Vítor Manuel contra o Campomaiorense .
apostar	Muitas vezes não se aposta em desinstalar o que existe devido a algum comodismo , mas o Sporting é diferente e , também por isso , seremos considerados incómodos .
apostar	Portugal e Itália disputam um dos jogos mais aguardados do torneio e , para um jogo que se prevê táctico e muito calculista , Jesualdo Ferreira aposta praticamente na mesma equipa que derrotou a Irlanda .
apostar	Ora , assim sendo , o seleccionador nacional aposta em jogadores que correm muito e que , em velocidade , possam ganhar no um contra um .
apostar	Djair aposta na reabilitação do Flamengo no jogo de hoje à tarde , com o Coríntians , no Pacaembu .
apostar	Apesar dos desfalques , Héctor aposta todas as suas fichas no Lanus .
apostar	E aposta todas as suas fichas no jogo de hoje .
apostar	Rivaldo concorda com seu comandante , mas aposta em uma vitória brasileira , assim como aconteceu no primeiro turno das Eliminatórias .
apostar	A comissão técnica também aposta na juventude da equipe na luta por mais três pontos na tabela de classificação .
apostar	Com a entrada de todos esses jogadores , teremos condições de vencer qualquer adversário » , aposta .
apostar	Nesta entrevista exclusiva ao Jornal DOS SPORTS , o jogador , de apenas 17 ano , reconhece que o Rubro-Negro não é a melhor equipe , mas aposta na união do elenco para superar os adversários .
apostar	A equipe de Octávio Machado aposta em um esquema com três atacantes para surpreender a defesa do Benfica , que levou sete gols em quatro jogos .
apostar	Embora vá desfalcar a equipe na partida contra o Botafogo , quarta-feira , no Maracanã , Petkovic , que levou o terceiro cartão amarelo contra o Vasco e terá de cumprir suspensão automática , aposta na vitória do Flamengo .
apostar	O meia Pedrinho aposta que o time chegará à decisão .
apostar	Convocado para o amistoso entre Brasil e Hungria , no dia 28, em Budapeste , o atacante aposta que , se fizesse no Velho Continente o número de gols que marca pelo São Paulo , seria um « novo fenômeno » .
apostar	« Seria mais difícil contra uruguaios ou argentinos » , aposta Ademir .
apostar	Geninho aposta no oportunismo do jogador para explorar os contra-ataques .
apostar	« A.quipe vai melhorar com a volta desses jogadores , principalmente em termos de equilibrio » , aposta .
apostar	Mas o meia entende que o pior já passou e aposta tudo nesses três últimos jogos , contra Paraná , Ponte Preta e Vitória .
apostar	É um lateral com muita qualidade técnica , dribla bem , tem um bom deslocamento em campo e vai confirmar tudo aquilo que se espera dele , aposta o técnico Cândido , do Palmeiras B.
apostar	O zagueiro Rebosio aposta na recuperação a partir de hoje .
apostar	Conversamos e vamos dar um basta nisso , aposta o treinador .
apostar	Chelsea aposta no retrospecto .
apostar	Rio de Janeiro A.arioca aposta no sutiã frente-única e nos laços .
apostar	O projeto , que incluiu ampla pesquisa , é modelo para todas as lojas da grife que nesta coleção aposta no romantismo nostálgico , delicado e ultrafeminino .
apostar	Na releitura da década de 60 para o verão 2003/2004, a moda reivindica um novo plano de metas através da Op Art , uma linguagem de efeitos óticos conceituais que exalta formas geométricas puristas e aposta no contraste de cores para redesenhar a arquitetura da roupa e articular novas paisagens têxteis .
apostar	Flor aposta em colecções masculinas que resultam de novas fórmulas de alfaiataria .
apostar	Por forma a alterar esta situação , a Ajuda de Mãe , para além do apoio que dá ao nível da gravidez , aposta também na prevenção , principalmente em escolas .
apostar	« Em Portugal o sal não tem reconhecimento nenhum , nem por parte da Direcção Geral das Pescas » , continua , que aposta na comercialização do produto em três sectores , a seca do peixe e da carne , os restaurantes , e a venda directa ao consumidor , de acordo com uma promoção adequada , « para que as pessoas acreditem no sal , como aconteceu em França » .
apostar	Dado que a solidariedade é uma palavra importante , Castro Valente aposta em brindar os estarrejenses com uma « caldeirada bonita de cerimónias » .
apostar	Daí que o director técnico nacional tenha referido que « a Federação aposta na formação de treinadores e de praticantes e , neste caso , os Centros de Treino terão um papel decisivo » .
apostar	Actualmente , aposta em exclusivo « no artesanato de Aveiro , desde a Arte Nova aos temas relacionados com o moliço , ou outros motivos antigos , tudo o que possa ser transmitido pela cerâmica e diga respeito à região » .
apostar	Destas provas , aquela em que a formação aveirense aposta mais declaradamente é na que hoje se inicia em Vila das Aves .
apostar	Joga no seu reduto , tem a enorme vantagem de já ter vencido em Aveiro , possui um plantel com jogadores internacionais de vários países e aposta em ir longe nesta competição , onde já esteve presente por oito vezes .
n-é-verbo	Ensino à distância da UNAVE é aposta ganha A.ssociação para a Formação e Investigação da Universidade de Aveiro , UNAVE , continua a apostar no projecto .
apostar	O vereador da Juventude da Câmara Municipal de Aveiro explicou que desde sempre a autarquia aposta nos jovens e desenvolve muito trabalho a eles direccionado , mas fazia falta um local onde todas as sinergias se pudessem encontrar .
apostar	O projecto mais elaborado e abrangente de sempre , que utilizou pelo menos 12 mil lâmpadas , muitos milhares de metros de fio eléctrico e que este ano aposta forte no néon , garantiu Vitor Maia , da empresa responsável por esta empreitada , adiantando ainda que todo o Canal Central vai receber uma iluminação lateral em altura , culminando num presépio em néon , com as três imagens principais a atingirem cerca de 2,5 metros de altura , a ser colocado na Ponte da Dobadora , no Canal do Paraíso .
?#	Num ano que se adivinha de mudanças , quer no que respeita ao espaço físico , com a criação da nova sede , quer mesmo na organização da estrutura associativa , o líder da lista X.posta fortemente numa « Associação de Estudantes para estudantes » .
apostar	É também público que , à parte das Presidenciais , o Pp aposta nas eleições autárquicas de 2001, que aliás prometem ser um dos temas recorrentes do próximo congresso .
apostar	Carlos Gouveia , técnico ilhavense , aposta numa boa exibição e na vitória , « mas temos consciência das dificuldades » .
apostar	O organismo aposta forte em Portugal e já está a procurar que sejam corrigidos alguns pequenos problemas que estão a surgir no Euro'2000 (Bélgica/Holanda) em matéria de segurança e ética .
apostar	Confraria « O.oliceiro » aposta na gastronomia da região Mais uma confraria nasceu em Aveiro.
apostar	O protocolo aposta numa « lógica de complementaridade » , disse Pedro Soares , presidente da AAAUAv.
apostar	Falhado o apuramento para as fases finais de Juniores « A. e Juniores « B. , a Oliveirense aposta agora forte nos Cadetes Masculinos para tentar conquistar um título distrital ou , pelo menos , para colocar uma equipa nos campeonatos nacionais .
apostar	Paulo Cavaleiro aposta numa nova imagem da « jota » e tenciona ver os resultados nas urnas .
apostar	A Associação Industrial do Minho aposta fortemente na internacionalização do sector empresarial português e para dar resposta a esta estratégia de mercado desenvolveu o Projecto Magrebinvest .
apostar	Trata-se do regresso às obras de Yasmina Reza , no mês em que a Associação Cultural de Aradas aposta nas acções de formação , especialmente para grupos amadores .
apostar	São Bernardo aposta na dinamização .
apostar	Quanto à vertente lúdica , surge sempre que « as instituições ou pais nos solicitam , designadamente em festas de aniversário » Trata-se de « um conceito novo , interactivo e educativo , que aposta na espontaneidade das crianças para chegar às conclusões sobre o método científico » , refere a responsável , salientando também a importância dos materiais , « simples , tentando um desvio às tecnologias com que os mais novos habitualmente brincam » .
apostar	Acentuando que se tratam de eleições em que o PSD aposta , o presidente dos social-democratas deixou claro que pretende ver um bom resultado no distrito .
apostar	O PSD , coligado ou não com o CDS/PP , aposta forte nas próximas legislativas porque espera regressar ao poder .
apostar	Mantendo a « imagem » tradicional do mercado aveirense , o projecto vencedor introduziu , no entanto , diversas alterações que vão evidenciar a beleza natural do espaço , destacando os pontos principais como é o caso da Ria de Aveiro Contemplando uma estrutura envidraçada -- numa das entradas do edifício virada para o Fórum Aveiro -- o projecto aprovado pela Câmara Municipal de Aveiro aposta também em alterações devidamente estudadas para proporcionar uma zona « fixa » de trabalho para os vendedores e outra zona que irá ser polivalente , abrangendo tanto a área de trabalho como de lazer .
apostar	De resto , a instituição que acolhe menores em situação de risco e aposta na criação de novos projectos de vida , com fomento das relações com o exterior , está agora decidida a dar vida à Campanha dos Amigos do Centro .
apostar	Além disso , esta época , nos quatro jogos disputados entre si , os portistas venceram todos , o que torna mais apetecida esta final , já que a Ovarense que aposta em quebrar a hegemonia portista , terá mais uma oportunidade para iniciar esse objectivo .
apostar	Para o treinador portista , que curiosamente treina a equipa que mais portugueses dá à selecção nacional , e que aposta claramente no jogador português , esta é a realidade para a qual caminha o nosso basquetebol .
?#	Escola de Aradas aposta .
apostar	Gama considerou que a atitude dos populares « acaba por provar que o CDS-PP , afinal , não quer proteger os pobres e os desfavorecidos , mas aposta na instabilidade política » .
apostar	Por sua vez o Ginásio Figueirense também aposta para este ano no treinador última temporada , Orlando Simões .
apostar	Com uma equipa que sofreu poucas alterações (Carlos Xavier e o técnico Alexandre Julião são as grandes ausências em relação à edição de 1998) , Portugal aposta nas "bombas " de Isaías , na genialidade de Madjer e Alan e na força e querer de Hernâni para conquistar um dos títulos que mais prazer daria aos portugueses .
apostar	Assim , e caso seja Governo , o PSD aposta na « gestão privada de várias unidades públicas de saúde » , permitindo que « os doentes , sem prejuízo de sobrecarga para o orçamento familiar , possam optar por recorrer ao serviço de saúde público ou privado » .
apostar	« É que eles (Inspecção de Jogos) não gostam da maneira como a tômbola funciona » , afirma Simões da Costa , acrescentando estar-se perante uma situação similar às « tômbolas de feira , onde você aposta dinheiro por um peluche , por exemplo .
apostar	Carlos André , Governador Civil de Leiria , é um dos que mais aposta nesta "parceria ", estando empenhado em dar um contributo decisivo para a "indústria de emblemas " que parece estar a surgir na região .
apostar	Na sua XXI edição , o Festival surgiu este ano com uma nova orientação , que aposta em espaços dedicados a residências de criação artística e numa programação mais diversificada e regular .
apostar	A direcção da ACIC aposta , neste momento , no estabelecimento de parcerias com diversas entidades .
apostar	O que implica tratar-se de uma equipa com uma boa organização defensiva e que aposta muito no contra-ataque .
apostar	O complexo , projectado pelo arquitecto portuense Pedro Guimarães , "aposta " na consolidação de diversos conceitos urbanísticos , em voga nos « maiores países do mundo » .
apostar	O promotor da reunião considera estranho que em Coimbra só se faça promoção de alojamento para estratos com maior poder de compra e cita o caso de Cascais , que aposta num turismo de luxo , mas divulga desde o mais caro hotel até à casa de hóspedes que cobra 1.500 escudos por noite .
apor	Nelson de Matos disse que esse propósito nunca se veio a concretizar , e a chancela autocolante nunca veio a ser aposta nas obras já editadas de Torga , cujos "stocks " eram muito variáveis , e onde sobressaía , pelo seu maior número , "Os Bichos " .
apostar	E aposta na limpeza da Baixa de Coimbra Ruas estreitas , onde a claridade não chega para "lavar " as casas , becos ao virar de todas as esquinas , onde se escondem as tribos da cidade , de quando em quando um bar antigo , com residentes de gostos maduros , ou um restaurante higiénico , para "inglês ver " .
apostar	Carlos Clemente aposta também na criação em S. Bartolomeu de um pólo de distribuição de produtos oriundos da Comunidade Europeia , acentuando que , « no Natal , é sempre feita uma distribuição de cabazes » .
apostar	É sinal de que aposta claramente num contra-ataque rápido e que poderá , se não tivermos concentrados , criar-nos problemas » .
apostar	Sem meios para desenvolver grandes acções de propaganda , aposta o que apelida de « Primeira Residência Aberta » , uma designação inspirada nas presidências descentralizadas que caracterizaram o último mandato de Mário Soares .
apostar	O União aposta assim na continuidade e com objectivos bem traçados para o futuro , quer em termos desportivos , quer nas infraestruturas .
apostar	O FC Porto aposta pois numa vitória em Barcelos e numa "ajuda " do seu vizinho Salgueiros , contando ainda com a alegada dificuldade do Sporting em lidar com a pressão , para chegar a um "hexa "(ou "bi-tri ") que parecia já não poder alcançar , mas os "leões " certamente tudo farão para voltar a sentir o "sabor " de ser campeão , 18 anos depois .
n-é-verbo	Não compreendem que Coimbra , há muito , optou por outra via de desenvolvimento que não a "aposta industrial " .
apostar	Cidade da Saúde -- Um argumento que Coimbra tem usado e que tem levado a más interpretações , mas uma cidade que foi classificada com um bom nível de qualidade de vida e que aposta na saúde não pode coabitar com riscos e previsões .
apostar	Com idades entre os seis e os 17 anos , os jovens jogadores podem assim « vir a ocupar um dia » o seu lugar na selecção , salienta Madjer , já que este projecto « de longo prazo » aposta no surgimento de novos valores para a modalidade .
apostar	O projecto , já apresentado em maqueta , aposta numa fachada principal virada para a zona das Abadias , embora o principal acesso seja pela rua Abade Pedro .
apostar	Comparativamente à edição do ano transacto , a equipa organizadora , liderada pelo mágico português Luís de Matos , aposta este ano no reforço dos espectáculos de rua , correspondendo ao interesse do público , e no aumento da quantidade e qualidade dos artistas convidados (14 em 1998 e 17 em 1999) .
apostar	Bidoeirense aposta na juventude Chegou ao fim um ciclo alargado nos anos , no Grupo Desportivo Bidoeirense.
apostar	O jogador , oriundo do Sporting Clube de Portugal , aposta no Leiria para relançar a sua carreira .
apostar	Acho que o Leiria é um clube que , pelo seu passado , vê-se que aposta nos jovens .
apostar	É importante assinalar quando a indústria se renova , aposta no futuro e trabalhadores , accionistas , empresários e administradores convergem .
n-é-verbo	Para o presidente da Região de Turismo , « como tudo , é preciso muito trabalho , perseverança e aposta em outros mercados .
apostar	Seis meses depois de assumir o cargo , o coordenador da Sub-Região de Saúde de Leiria aposta na descentralização administrativa e acredita que o novo Sistema Remuneratório dos médicos estimulará a actividade dos profissionais , que serão premiados consoante a produção na Saúde .
apostar	O Presidente da República elogiou ainda « a importância do empresariado português e a sua capacidade de iniciativa e de concepção em novos sectores industriais » , considerando da « maior importância valorizar o investimento feito numa unidade produtiva que aposta na reciclagem » .
apostar	Junta de Freguesia da Barosa aposta no desenvolvimento Os autarcas da freguesia da Barosa sentem que a localidade « perdeu por não ter sido incluída na .
apostar	Livro conta 100 anos de história Actualmente , a colectividade tem como sede um edifício construído em 1956, que com o passar dos anos se tornou pequeno para acolher as múltiplas actividades da associação , nomeadamente a Escola de Música , onde se aposta na formação dos componentes , presentes e futuros .
apostar	A associação existe em Coimbra desde 1994 e este ano aposta na constituição de outros pólos como Bragança e Ponta Delgada , locais onde também pretende adequar os projectos às características das cidades , sustentou Margarida Couto , que reconhece neste trabalho « a forma ideal para apurar os números exactos da toxicodependência e da SIDA » , na região abrangida pelo projecto .
apostar	O café "Pé do Rio " aposta nos sabores do norte de África , na música "all jazz " e na magnífica vista do Marachão e do Rio Lis .
apostar	Ângelo Gomes Industrial Vieirense aposta nos jovens O.ndustrial Desportivo Vieirense apresentou , ao princípio da noite de ontem , as suas jovens equipas de .
apostar	Para isso , António Ferrinho aposta em melhorar as infra-estruturas do clube , criando condições materiais para que as « futuras direcções possam apostar em melhores resultados » .
apostar	É que apesar de algumas localidades realizarem corsos carnavalescos , a maior parte aposta em figuras caseiras para assinalar mais um entrudo .
apostar	Manuel José aposta constantemente na dupla Emmanuel Duah/Petar Krpan , como setas apontadas à baliza contrária , partindo sistematicamente das faixas laterais.
apostar	Que o diga Rui Sousa , representante da livraria Martins , que aposta na feira porque « é uma maneira de levar o livro a um público que raramente aparece nas livrarias » .
apostar	Valorlis aposta na energia verde .
apostar	Com aquelas duas figuras nacionais do toureio equestre e apeado , a autarquia aposta forte nas corridas deste ano , que não hesite em classificar de "a corrida do milénio "num "fabuloso mano-a-mano " .
apostar	Esta medida serve , no entender dos proprietários , para proteger o « bom ambiente » Para além do regulamento interno , o edifício , que pode suportar cerca de 300 pessoas , está isolado acusticamente , apesar da vizinhança ser quase nula , tem duas portas de saída de emergência , sistema de vigilância de vídeo , tanto no interior , como no exterior , e alarmes ligados à central pública A.Xannax " é um espaço com dimensões não muito grandes , que aposta na qualidade do serviço .
?#	Cuanza Sul aposta .
n-é-verbo	« Hoje temos menos investimento , menos aposta nas pessoas , menor competência , muito mais clientelismo e atrasos significativos em obras fundamentais » , especificou .
apostar	Apesar da experiência "Xutos e Pontapés " não ter sido frutuosa , deu um prejuízo de cerca de 1200 contos , a direcção academista não esmoreceu e aposta num cantor que arrasta multidões , num concerto que terá como patrocinador exclusivo a Imobiliária Planeta Azul .
apostar	Por seu lado , Orlando Mendes , presidente da Câmara Municipal de Santa Comba Dão , fez questão de salientar que iniciativas como o empreendimento que foi inaugurado são consideradas « cada vez mais viáveis » , numa altura em que o concelho aposta no « seu desenvolvimento turístico , através do aproveitamento e exploração das suas potencialidades naturais e arquitectónicas » .
apostar	Este ano , com um programa diversificado mas , ao mesmo tempo , « equilibrado » , a Federação Académica de Viseu (FAV) aposta claramente num maior diálogo com os estudantes , em primeiro , e com a população em geral , depois .
apostar	Depois de na época transacta ter , finalmente , concretizado o regresso à 3.ª Divisão Nacional , o Clube Desportivo de Gouveia aposta este ano numa época tranquila que permita ao clube alcançar a manutenção .
apostar	Para o embate com a Lituânia , o seleccionador Nacional aposta praticamente nos mesmos jogadores que marcaram presença no Euro 2004, a excepção de Simão Sabrosa , Nelson e os "castigados " Paulo Bento , Abel Xavier e Nuno Gomes .
apostar	Deve ter sido belíssimo » , aposta Katie .
apostar	Entre os eventos culturais que pretende apresentar no Rio , Romaric Sulger Buel aposta na exibição de pinturas de Henri Matisse , provavelmente no Museu Nacional de Belas Artes (MNBA) .
apostar	A um custo de US$ 10 milhões , com dois terços bancados pela iniciativa privada e um terço pelo Ministério da Cultura , a 23ª Bienal tem a pretensão de ser « uma mostra exemplar , capaz de se tornar referência para outras bienais tanto no Brasil como no mundo » , aposta seu presidente Edmar Ferreira .
apostar	Joana Fomm aposta que « vai ser mole garantir a arrancada do SBT com a qualidade do trabalho desenvolvido » .
apostar	Ricardo Cravo Albim aposta no atual diretor , o jornalista e pesquisador Jorge Roberto Martins , que tem se baseado nos passos de seu mestre -- o próprio Albim , para gerir o Mis .
apostar	Provando que os temores fazem parte do passado , ela aposta no lançamento de suas duas primeiras peças em livro .
apostar	Quanto a fazer bom cinema , o mundo inteiro já sabe que fazemos , e a oportunidade servirá para reavivar essa memória aqui mesmo , naqueles setores onde ainda se aposta que por aqui nada pode dar certo .
apostar	Para mim , a mais bonita é a do Rio Grande do Sul » , aposta .
apostar	Aos 124 anos de idade , a mulher que só conheceu o mar ano passado -- convidada pelo prefeito César Maia -- virou destaque de escola da Unidos da Tijuca que aposta no carisma da anciã para empolgar no desfile deste ano .
apostar	Embora não veja nos furgões a solução para o transporte de massa no Rio , Álvaro defende a volta do transporte solidário e acena com a criação do bilhete de integração metrô/van , assim que a regulamentação for concluída : « Lançei o microônibus em minha passagem pela Secretaria Municipal de Transportes e garanto que o Metrô aposta na parceria com quem ajuda a desafogar o trânsito » .
apostar	O secretário-executivo da Comissão Estadual de Desestatização , Henrique Dittmar , aposta que , sob gestão privada , este índice caiará paulatinamente .
apostar	Dirceu aposta ainda na aproximação dos governadores do PT com governadores de outros partidos , na busca de uma saída para a crise financeira dos estados .
apostar	O chefe de gabinete do ministro da Justiça , José Gregori , aposta todas as suas fichas na aprovação pelo Senado do projeto do deputado Hélio Bicudo que transfere para os tribunais civis os julgamentos de policiais militares .
apostar	Se um parlamentar ficar nu na tribuna , ninguém vai perceber -- aposta Artur Virgílio .
apostar	E é medíocre , strictu sensu , porque aposta numa separação de mídias inteiramente pré-histórico , com os dois pés na mais envelhecida das concepções de produções de objetos audiovisuais .
apostar	O Brasil inaugurou o neoliberalismo subvencionado , que aposta o que segundo ele não pode existir , uma empresa pública eficiente -- contando que ela não seja brasileira .
apostar	Estamos promovendo mudanças de muita profundidade ao privilegiarmos a educação básica -- aposta Paulo Renato , que dá um número como prova : os valores dos repasses de verbas do governo para os estados e municípios , que em 1995 foram de R$ 1,3 bilhão , pularam , este ano , para R$ 2,1 bilhões .
apostar	Essa gente aposta na desmoralização e , com ela , todo cuidado é pouco .
apostar	No boletim mensal que está sendo enviado aos seus clientes esta semana , ela aposta numa redução da velocidade na desvalorização do câmbio .
apostar	A Fiat aposta alto no Mercosul , TEODOMIRO Braga .
apostar	« O.ercado vai crescer » , aposta Cantarella , lembrando que no Brasil há apenas 78 carros por mil habitantes , ante 450 carros por mil habitantes na Europa .
apostar	Grupo Abril aposta no futuro da TVA , CLAUDIA De SOUZA .
apostar	A Abril novamente aposta no futuro .
apostar	Romário também sabe disso e aposta nos mesmos motivos para justificar sua boa forma .
apostar	Agora , adaptou-se de novo à vida brasileira » , aposta .
apostar	Como justificativa para sua confiança diante dos vascaínos , na decisão da Taça Guanabara , domingo , o artilheiro aposta nas vitórias que já obteve neste clássico .
apostar	Pelo lado do Linhares , o técnico Marcos Magalhães não se intimida ante o Flamengo e também aposta na possibilidade de vencer .
apostar	Telê está melhor , espera até o final de semana para saber se poderá voltar a dirigir o São Paulo e aposta que ainda não será desta vez que abandonará o futebol .
apostar	Às 14h (horário de Brasília , com transmissão da TV Bandeirantes , o Brasil faz sua estréia , contra a Espanha , no Palácio Municipal San Pablo (com capacidade para 7.850 pessoas) , e aposta todas as fichas no baixo astral do adversário , que há cinco dias perdeu a última vaga para a Olimpíada de Atlanta , no Pré-Olímpico da Grécia .
apostar	« Vai começar de novo aquele negócio chato de provocação dos dois lados » , aposta o capitão brasileiro Carlão .
apostar	Vasco aposta em Nílson para vencer .
apostar	Apesar da chuva ser sempre uma preocupação , Cintra aposta na sorte .
apostar	Mesmo assim , a Pepsi aposta numa mudança de posição , principalmente pela possibilidade concreta de Bebeto vir para o clube -- um antigo sonho do presidente .
apostar	Já o Flamengo aposta no fato de ter começado a costurar esta negociação em agosto passado , quando o time disputou alguns torneios na Europa .
?#	Botafogo aposta na torcida , MAURICIO FONSECA .
apostar	Outro teórico que aposta nas neurociências como mecanismo aperfeiçoador do gênero humano é Antonio Damásio , chefe do departamento de neurologia da Universidade de Iowa e autor de O.rro de Descartes .
apostar	Num momento em que a literatura que mais atrai o grande público tem raízes nos romances policiais , o senhor aposta numa prosa que pode ser definida como delicada em As larvas azuis da Amazônia .
apostar	A Leo aposta no preço à vista : o Presario 5220 sai por R$ 3.199 .
apostar	Com 10 anos de Lotus , seis deles à frente do escritório brasileiro , Mattos aposta na virada .
apostar	Do outro , o conservadorismo de Netaniahu , que aposta na continuidade do processo de paz a passos mais curtos , mas ameaça devolver a região a seus dias de conflito .
apostar	A matriz ficcional do romance -- o diálogo com o Senhor silencioso , estranho e insondável -- mantém este núcleo da fé judaica : a esperança escatológica que não aposta no Fim de um tempo linear , mas que se apóia na promessa de uma ação que pode realizar sua finalidade a qualquer momento , sem , no entanto , perfazê-la definitivamente .
apostar	Acredito que com 1min49 s7 os nadadores entrarão na final » , aposta ele , que tem como melhor marca da carreira 1min48 s40 .
apostar	Essa fuga das apostas revela ainda , mesmo que de modo inteiramente subliminar , uma preocupação com o Flamengo -- afinal , quem aposta é porque se garante .
apor	Reputa-se autêntico o documento , quando o tabelião reconhecer a firma do signatário , declarando que foi aposta em sua presença .
apor	O documento não perde sua autenticidade , ainda que falsa a firma nele aposta » .
apor	Pouco importa se a assinatura aposta no contrato é falsa .
apor	Nas outras folhas , a assinatura ou rubrica pode ser aposta no verso .
apor?	Tal era a união que parecia aposta .
apostar	« Com inegável competência para a costura a ponto pequeno , ele saberá usar a caneta cheia de tinta que está recebendo » , aposta o presidente do PMDB , deputado Paes de Andrade (CE) , tido até agora pelo Planalto como um dos mais tinhosos adversários do governo no Congresso Nacional .
apostar	O Brasil das queimadas amazônicas , dos rios poluídos e de animais silvestres em extinção aposta nos negócios ecológicos para tentar passar a limpo a imagem de vilão ambiental .
apostar	Para compensar a perda de poder com a nomeação do deputado Luiz Carlos Santos (PMDB-SP) para a coordenação política do governo , Clóvis Carvalho aposta no seu fortalecimento na área social .
apostar	O instituto aposta em trabalhos de formação profissional , esportiva e artística .
apostar#	Palma de Ouro Sai na frente quem aposta no produtor britânico Jeremy Thomas como favorito para uma Palma de Ouro .
apostar	O produtor Lourens Van de Ven , que tem 14 hectares de estufas em Holambra , aposta em novas variedades de plantas para desenvolver este mercado .
apostar	O secretário da mostra , Décio Funari de Sena , diz que aposta na « solidez » do Plano Real para alcançar o valor previsto .
apostar	No mercado nacional , a Arisco aposta em produtos prontos , para facilitar a vida da dona de casa .
apostar	Com a experiência de quem cria cavalos mangalarga há mais de 40 anos , Castro também aposta no aumento das vendas a partir da chegada do real .
apostar	O setor aposta com o plano em um aumento de consumo que poderá chegar a 15% nos primeiros meses e em uma consequente alta nos preços .
apostar	A maioria dos criadores presentes na feira aposta na união do nelore com o brahma como forma de « combater » o cruzamento industrial do nelore com raças européias , realizado em grande escala no Mato Grosso , Mato Grosso do Sul , Goiás , Paraná e Rio Grande do Sul para a obtenção de novilhos jovens e pesados .
apostar	Friedberg acredita que a diretoria do Jóquei Clube também aposta na baixa da inflação .
apostar	Se ele sair , o governo Itamar não terá força suficiente para resistir as pressões » , aposta o economista Fernando Homem de Melo , da Fundação Instituto de Pesquisas Econômicas (Fipe) , da USP .
apostar	O Sindicato da Indústria do Frio do Estado de São Paulo (Sindifrio) , aposta em ligeira queda nos preços do boi gordo nas próximas semanas , devido às chuvas dos últimos dias .
apostar	« Vamos conseguir um cordeiro precoce , para abate em quatro meses , na faixa dos 52 quilos » , aposta Lopez , que também é presidente da Associação Brasileira dos Criadores de Suffolk .
apostar	A Telesp aposta no celular como a melhor alternativa para resolver o problema de déficit de telefones na zona rural paulista .
apostar	Fleury aposta no controle da sucessão estadual para conseguir firmar sua liderança no PMDB e construir seu futuro político independentemente do quercismo .
apostar	Algo como dizer que o brasileiro sempre aposta no cavalo favorito .
apostar?	Candidato aposta no bicho .
apostar	O jornal não explicou aos leitores de onde tirou sua conclusão tão definitiva , mas não esconde que aposta na autenticidade da lista porque ela atingiu o coração do brizolismo , seu inimigo número um .
apostar	O PL aposta na criação do « imposto único » , principal proposta de palanque do candidato do partido , o deputado Flávio Rocha .
apostar	Ex-governador aposta no apoio dos prefeitos .
apostar	Quércia também aposta nos prefeitos e vereadores para vencer a prévia .
apostar	Eu sou otimista em relação ao Brasil , enquanto Lula aposta na crise » , diz FHC .
apostar	FHC aposta que a eventual queda da inflação , após a implantação da nova moeda , implicará um aumento instantâneo do poder de compra da população mais pobre .
apostar	Sarney aposta em ação contra Quércia no STJ .
apostar	O empresário Emmanoel Mayrink de Souza , 21, diz que só aposta em dólar e gasta até US$ 500 por dia .
apostar	Lula não aposta na aprovação de teses radicais .
apostar	Outro , liderado por Pimenta da Veiga , aposta na costura .
apostar	Em qualquer país do mundo , quando o presidente insinua que sua equipe econômica é mentirosa , como fez Itamar , todo mundo aposta que a equipe vai cair em meio a uma crise geral .
apostar	A equipe econômica aposta que o projeto se tornará inviável por causa dos obstáculos ao financiamento .
apostar	A equipe econômica aposta que o projeto se tornará inviável por falta de financiamento .
apostar	O governo diz que a MP é constitucionalmente correta e aposta que as tentativas do Legislativo e do Judiciário serão barradas pelo STF (Supremo Tribunal Federal) .
apostar	Segundo Paulo Ferraz , do Bozano , Simonsen , investidores da Embraer estão com visão de longo prazo , pois sabem que a empresa « não vai sair da crise em seis meses » , e aposta no EMB 145 .
apostar	Como o futuro governo aposta alto na obtenção de recursos externos para alavancar seus programas de desenvolvimento , essa é uma má notícia , embora até certo ponto previsível .
apostar	O candidato derrotado na última eleição presidencial , ao contrário do que dizia nos palanques durante a campanha , aposta que FHC fará um governo diferente do de Itamar Franco .
apostar	Mesmo com o fortalecimento de Serra na equipe econômica , no Congresso ninguém aposta em mudanças no câmbio pelo menos até 28 de fevereiro .
apostar	O economista Eduardo Giannetti da Fonseca não aposta em uma reprise do final do governo Sarney .
apostar	Ao deixar a equipe de Fleury , na qual ocupava o cargo de secretário de Energia , Santos aposta que pode retomar e fortalecer o sonho do governador em se tornar candidato a presidente .
apostar	O banco , portanto , aposta na diferença de índices , enquanto a empresa garante proteção a seu patrimônio .
apostar	O próprio ministro da Fazenda comenta reservadamente que não aposta na aprovação pelo Legislativo do aumento da alíquota de 25 para 26% , 6% do Imposto de Renda da pessoa física .
apostar	A ênfase para negar que aposta no « quanto pior , melhor » foi adotada depois que a cúpula do partido examinou os últimos movimentos da campanha de Fernando Henrique Cardoso (PSDB) .
apostar	Ficou acertado que , a cada crítica de Lula ao real , o candidato deve frisar que o petista « aposta na inflação » .
apostar	O principal temor deles é que a campanha na televisão , na qual o ex-governador paulista aposta todas as suas fichas , começe com a eleição polarizada .
apostar	Candidato aposta no horário gratuito .
apostar	O candidato do PMDB à Presidência , Orestes Quércia , aposta em dois eventos até o final desse mês para crescer nas pesquisas e entrar no horário eleitoral com 10% das intenções de voto .
apostar	O outro evento em que Quércia aposta suas fichas será realizado em 29 de julho , em São Paulo .
apostar	Ele aposta na transferência de intenções de votos do candidato do PT , Luiz Inácio Lula da Silva , a outros candidatos .
apostar	Arraes aposta numa boa votação de Lula em Recife , o que ajudaria a sua candidatura ao governo pernambucano .
apostar	Quércia aposta na propaganda na TV .
apostar	O governo aposta tudo na estabilidade dos preços em agosto .
apostar	O candidato do PSDB ao governo paulista , Mário Covas , aposta no desconhecimento do eleitor sobre a sucessão estadual para garantir sua vitória já no primeiro turno .
apostar	Na falta de um discurso mais apurado para combater o Plano Real , o PT aposta agora na pontaria de Mercadante .
apostar	O PT aposta nos conhecimentos econômicos do novo vice para atacar o real no horário eleitoral .
apostar	Gerson Carneiro Leão , 50, um dos maiores empresários do setor de cana-de-açúcar de Pernambuco , aposta no PT e em Arraes (PSB) na esperança de garantir mais subsídios para o setor .
apostar	Lula aposta no sentimento do arrependimento do eleitorado que sufragou seu adversário em 89 e quer se aproveitar de uma espécie de « revanche » .
apostar	O governador Fleury aposta nas campanhas distintas .
apostar	Quércia diz que sua especialidade é virar eleição e que aposta nos últimos 60 dias de campanha para reverter o quadro .
apostar	Disse que não acredita que vencerá as eleições já no primeiro turno e que aposta que Quércia passará com ele ao segundo turno .
apostar	O governo do Ceará aposta na novela « Tropicaliente » para ampliar a sua indústria do turismo , atrair e mostrar o modelo de administração desenvolvido no Estado .
apostar	Neto aposta que ela terá 200 mil votos .
apostar	Haverá desabastecimento de produtos agrícolas após setembro , aposta o presidente da CNA (Confederação Nacional da Agricultura) , Antônio Ernesto de Salvo .
apostar	« Ele sabe vencer eleições » , aposta , É o jeito de os tucanos segurarem ACM .
apostar	Para garantir a manutenção dos recursos na poupança , a Fazenda aposta nos juros altos , manutenção da TR (Taxa Referencial) como indexador das cadernetas , aperfeiçoamento do cálculo da taxa e campanhas de esclarecimento .
apostar	Ibsen aposta em uma reversão do processo no julgamento em plenário .
apostar	A CNI (Confederação Nacional da Indústria) aposta em um aumento de 4% na produção industrial ao final do ano .
apostar	Ele aposta em sua liderança para impedir que o fisiologismo prevaleça em um eventual governo tucano .
apostar	Alckmin é o preferido da maior parte da bancada federal do partido em São Paulo e Barelli aposta em sinais de simpatia emitidos pelo candidato a governador .
apostar	Ex-presidente aposta em reviravolta no PMDB ; apoio a Fernando Henrique é a outra saída .
apostar	Sarney , que aposta em decisão favorável do STF amanhã .
apostar	FHC pretende se firmar como o candidato que aposta no otimismo , na derrubada da inflação , enquanto Lula , segundo a tese dos tucanos , seria o do « quanto pior , melhor » .
apostar	Em entrevista depois do discurso , o candidato admitiu que aposta na queda da inflação com o plano FHC , mas alertou para o que chama de « efeitos recessivos » das medidas .
apostar	Nas diretrizes , o PPR aposta que criará 10 milhões de empregos na sua gestão na Presidência da República , 2 milhões a menos do que propôs o PFL , quando apresentou seu programa ao PSDB .
apostar	O ministro da Fazenda , Rubens Ricupero , disse aos empresários que « aposta » no êxito do Plano Real com a implementação da nova moeda , o real .
apostar	Quércia aposta no horário eleitoral gratuito para vencer a eleição .
apostar	Segundo a Folha apurou , Quércia aposta que as denúncias de corrupção na sua gestão no governo de São Paulo (entre 1987 e 1991) que eventualmente sejam utilizadas no horário eleitoral não teriam grande repercussão .
apostar	Belém disse que Itamar aposta na candidatura FHC e em uma aliança entre o PSDB , uma parcela do PMDB , o PFL , o Pp e o PTB e não fará nada que possa « arranhar esses planos » .
apostar	O ex-governador aposta ainda em seu desempenho no horário eleitoral gratuito para subir nas pesquisas .
apostar	A cúpula do partido aposta na escolha de um parlamentar pernambucando para vice .
apostar	A outra condição é o insucesso , no qual a equipe aposta , das reações sindicais à conversão dos salários .
apostar	Os presidentes da Câmara e do STF foram dormir ontem com a impressão de que Itamar aposta no confronto .
apostar	Lula aposta em caravanas para atingir 50% .
apostar	amanhã o país deveria obter um acordo formal com o Fundo , mas a equipe econômica aposta em um « arranjo » que permitiria adiar esse prazo por uma ou duas semanas , sem prejuízo da data de troca da dívida .
apostar	O PFL aposta nos nomes de Reinhold Stephanes e Gustavo Krause para ministros do governo FHC .
apostar	O partido aposta nos nomes de Reinhold Stephanes e Gustavo Krause para os cargos .
apostar	O PMDB tem apoio dos partidos derrotados no primeiro turno PDT , PT , PSDB e parte do PFL e aposta em comícios .
apostar	Covas aposta no PMDB para ter maioria .
apostar	A equipe econômica do governo aposta que , mesmo perdendo benefícios , os petroleiros não vão se arriscar numa nova greve , porque teriam muito a perder .
apostar	No Congresso , ninguém aposta na negociação dos presidentes do PMDB , Luiz Henrique , e PSDB , Pimenta da Veiga , pois não mandam de fato em seus partidos .
apostar	Inocêncio aposta na saída de Luís Eduardo do páreo , sendo indicado para o ministério de Fernando Henrique Cardoso .
apostar	Rossi aposta no despertar do « inconsciente coletivo » para vencer o candidato tucano .
apostar	Para contornar este quadro e ainda conseguir devolver o empréstimo compulsório , o futuro governo aposta na obtenção de recursos através da aceleração das privatizações .
apostar	O partido aposta nele como segundo foco de poder no país .
apostar	Quem é dado a apostas não deve perder a oportunidade oferecida por Fernando Henrique Cardoso , que , pelo relato de Fernando de Barros e Silva na Folha de ontem , aposta na desintegração do PFL .
apostar	A ala moderada do PT aposta na eleição de seus membros para o Congresso e Assembléias estaduais como forma de ganhar força na disputa interna pelo comando do partido , especialmente no caso de derrota da candidatura Lula .
apostar	O TRE-SP aposta que terminará a apuração em cinco dias por causa do treinamento dos escrutinadores e do número de pessoas envolvidas no processo : 51.186, divididas por 898 juntas apuradoras .
apostar	O novo Congresso e os novos governadores podem não querer cooperar com Fernando Henrique Cardoso , que , aposta Rose , ganhará as eleições no primeiro turno .
apostar	UD aposta no vapor para limpeza .
apostar	Nelas , os estudantes reforçam ainda mais a idéia de que a educação do futuro aposta na multidisciplinaridade (abrangência de várias disciplinas) .
apostar	O diretor do Clube dos Diretores Lojistas de Manaus , Dauro Braga , aposta em um crescimento de 40% nas vendas para o Dia dos Pais , em comparação com o ano passado .
apostar	A via longa aposta no médio e longo prazos ; é preciso recuperar a eficiência do poder político , organizado , atuante e eficaz .
apostar	A via longa aposta nas forças positivas : é preciso que a sociedade levante a cabeça , olhe para a frente e entenda que pode construir um caminho diferente e melhor para todos .
apostar	O shopping Iguatemi aposta no velho e bom sorteio de carros e motos .
apostar	CET aposta na 'guerra dos telões ' .
apostar	O proprietário Tonino Grieco , napolitano que veio para o Brasil há mais de dez anos e um dos donos da antiga boate Ton Ton , aposta agora nos segredos gastronômicos da comida mediterrânea .
apostar	E cada região aposta em seus atrativos .
apostar	O Rio aposta na segurança para atrair os turistas .
apostar	Com mais este incentivo às « bikes » e prometendo construir outras ciclovias , o secretário municipal de Meio Ambiente , Alfredo Sirkis , 43, aposta .
apostar	A loja aposta na variação dos ingredientes e oferece pão de centeio , aveia , milho , trigo e linhaça (semente do linho) .
apostar	A Sharp também aposta na linha popular .
apostar	Loja aposta em presente personalizado .
apostar	A Sharp também aposta no mercado de televisão de tela grande .
apostar	A empresa não vê bolha de consumo e não aposta na explosão de demanda .
apostar	Por isso , ele aposta na expansão das vendas do comércio no mês que vem .
apostar	A Avipal aposta no crescimento da economia .
apostar	Mercado aposta em inflação menor ; vencimento de opções movimenta 51,39 toneladas de ouro .
apostar	José Roberto Vosso , superintendente do Morumbi Shopping também não aposta em uma explosão de consumo .
apostar	O Center Norte aposta mais alto : de 20% a 25% de crescimento .
apostar	Ele aposta que as vendas nos supermercados devem crescer cerca de 10% no primeiro mês com a economia estabilizada .
apostar	Paulo Afonso Feijó , vice-presidente da Abras (Associação Brasileira de Supermercados) também não aposta de olhos fechados em crescimento .
apostar	Empresa aposta em entretenimento .
apostar	O mercado aposta , porém , em crescimento das importações .
apostar	Ele aposta na estabilidade de preços no varejo até o dia 25 deste mês , quando o consumidor começa a receber o adiantamento do salário .
apostar	Multiplic aposta em crédito ao consumidor .
apostar	Segunda maior rede de lojas de departamentos aposta em moda e aumenta importações para livrar-se de prejuízos .
apostar	O mercado aposta em baixa nas taxas de juros do over , por causa da redução nas expectativas inflacionárias .
apostar	A empresa aposta em aumento de até 30% nos negócios neste mês sobre 1993 .
apostar	Mercado aposta em taxa entre 3,63% e 3,73% neste mês .
apostar	Para driblar as vendas fracas , o varejo aposta nas promoções .
apor?	Aplicar é aposta no plano .
apostar	A ABCZ associação dos criadores de zebu aposta na iniciativa para abertura de novo mercado aos pecuaristas nacionais .
apostar	Salomon Brothers aposta na estabilização .
apostar	O mercado aposta em juros reais altos em março com a adoção da URV .
apostar	O vice-presidente da área internacional do banco Econômico , José Roberto David de Azevedo , aposta que a URV só entra em vigor quando o dólar atingir Cr$ 1.000 .
apostar	O « FT » nota que a maioria dos economistas aposta numa alta dos juros nos EUA neste ano .
apostar	« Antes era o contrário » , aposta .
apostar	A Arisco , que comprou a Beira Alta , também localizada no Rio de Janeiro , é outra que aposta no mercado de sardinhas .
apostar	« Ainda não vimos a alta do mercado se o plano for , mesmo parcialmente , aprovado pelo Congresso » , aposta Dryel Menacker , diretor do Banco Liberal .
apostar	Delfim aposta que a revisão permitirá aperfeiçoar e consolidar o quadro institucional brasileiro , ajustando-o ainda mais à nova realidade mundial , de integração e competição .
apostar	O mercado aposta em sua privatização .
apostar	A Método aposta no mercado de Brasília .
apostar	Por isso , a rota é de valorização das ações » , aposta .
apostar	A Corpo e Arte aposta na versatilidade das peças de sua coleção .
apostar	Furuguem aposta numa gerência eficiente do plano que , caso verificada , « seria capaz de produzir simultaneamente baixa inflação e bom nível de atividade econômica ao logo do segundo semestre » .
apostar	Sei Motoyoshi , sócio-proprietário do Santa Luíza , aposta numa redução de preços dos produtos de até 30% porque as indústrias retomaram a prática dos descontos .
apostar	Nesta primeira faze , a Helios aposta apenas em seu pessoal de vendas .
apostar	O mercado aposta , no entanto , em queda nos juros .
apostar	Ele aposta que o poder de compra do real vai resultar em aumento de 10% no consumo em agosto , na comparação com julho .
apostar	Uma outra grande rede de loja que trabalha com artigos populares aposta que , com o real , o faturamento da empresa deve crescer 25% de agosto a dezembro , na comparação com igual período de 1993 .
apostar	Dollar Store aposta em importados baratos .
apostar	Para Marcos Gouvêa de Souza , diretor da Gs & Md , esses números mostram que boa parte dos varejistas aposta no sucesso do Plano Real , pelo menos até o final do ano .
apostar	Para agosto , a diretoria da Apas aposta que os juros negociados entre supermercados e fornecedores devem ser de 2,5% ao mês .
apostar	Mesmo com a perspectiva de alta , Manoel Henrique de Farias , presidente do Sindicato dos Varejistas , aposta no crescimento das vendas na próxima semana .
apostar	Ao contrário dos economistas que dizem que o consumo « formiga » para reformas e construção de casas deve aumentar com a queda da inflação , quem é do ramo não aposta nessa possibilidade .
apostar	A Baring Securities aposta em FHC por considerar « extremamente improvável » o apoio de Sarney a qualquer outro candidato .
apostar	Magliano aposta em uma taxa de juros real (descontada a inflação) nos próximos três meses na faixa de 60% ao ano .
apostar	Ele aposta no básico e na cor cru como predominantes .
n-é-verbo	Na nova coleção de lingeries , os florais predominam , além do sutiã que levanta e valoriza o busto , aposta dos quatro grandes fabricantes brasileiros baseadas no inglês Wonderbra .
apostar	Ele aposta que as taxas de juros reais (acima da inflação) serão mais interessantes .
apostar	O otimismo ajuda nas manobras especulativas de quem aposta na alta .
apostar	O mercado aposta que a TR voltará a ser calculada com base nos juros do CDBs prefixados somente em agosto embora , conforme já afirmou o BC , os CDBs pré já possam voltar a ser negociados em julho .
n-é-verbo?	Este ano , aposta que pode fechar com 16% .
apostar	Casado , economista com mestrado em Chicago , 56 anos e há 26 anos no grupo , Zinner aposta que não haverá contingenciamento de crédito .
apostar	Pouca gente no mercado financeiro aposta nesta hipótese , já que ela poderia comprometer as chances eleitorais de um dos pais do plano .
apostar	Ele não aposta em qualquer explosão de curto prazo .
?#	R & R.posta em perfumes de luxo .
apostar	A DuPont aposta no filme Surlyn .
apostar	« Quem operar em URV ficará mais competitivo » , aposta Paulo Afonso Feijó , dono dos supermercados Econômico , a quarta maior rede gaúcha , que tem suas lojas preparadas para implantar a URV imediatamente .
apostar	O mercado aposta na troca da moeda para o real em 1º de julho .
apostar	« Vamos tomar mercado de nossos concorrentes » , aposta Marcelo Rodolpho Hahn , da importadora .
apostar	Ele aposta nos planos de expansão com os novos recursos e diz que o projeto foi aprovado em assembléia pelos acionistas antigos .
apostar	Philips aposta no crescimento dos consórcios ; Sharp acha que crediário sai fortalecido .
apostar	A instituição aposta no vôlei desde 1990, quando uma pesquisa apontou que sua imagem era vista como « pesada e envelhecida » .
apostar	Rose diz , porém , que « aposta » na vitória do candidato do PSDB , Fernando Henrique , no segundo turno das eleições presidenciais .
apostar	A Ge do Brasil também aposta nesse segmento .
apostar	O frigorífico aposta que o preço estipulado para o futuro lhe será favorável naquela data .
?#	O mercado futuro de juros da BM & F.posta que ambos vão subir .
apostar	O investidor aposta que a inflação no período da aplicação não vai superar a estimativa de rendimento de 50,43% .
apostar	A Gradiente aposta nas TVs de tela grande .
apostar	Empresa aposta em praticidade para o consumidor e prevê aumento de 15% nas vendas em relação a 93 .
apostar	Só interessa a quem aposta que o plano não dá certo.
apostar	Anderson Birman , sócio-diretor da Arezzo , aposta que o crescimento no consumo é consistente e que deve se manter até janeiro de 1995, período de baixas vendas .
apostar	Também aposta nisto Fellippe Arno , diretor-presidente da Arno .
apostar	O economista Geraldo Gardenalli , professor da FGV de São Paulo , é outro que aposta na alta da inflação no começo do ano .
apostar	Prioritariamente , a Quaker aposta no crescimento acima da média de 5% nos últimos anos do mercado de massas alimentícias , que movimenta US$ 920 milhões anuais .
n-é-verbo	O pressuposto de que o povo pagará qualquer preço pela estabilidade , até desemprego e pobreza , é aposta de alto risco .
apostar?	Para janeiro , aposta em 2,5% .
apostar	No caso dos produtos eletroeletrônicos , Barrizelli , que é consultor da Abras (Associação Brasileira de Supermercados) e professor da Faculdade de Economia e Administração da USP , aposta que muitos produtos importados chegarão após o Natal , gerando uma superoferta das lojas a partir de janeiro ou fevereiro .
apostar	A IBM aposta na mudança de perfil do sistema financeiro brasileiro como resultado da queda da inflação .
apostar	A corretora americana cita a reforma fiscal e o reequilíbrio de despesas entre o governo central e os estaduais , mas aposta que a prioridade de FHC será a reforma do sistema de seguridade social .
apostar	A Folha apurou que a maioria das grandes redes de lojas aposta também no cheque pré-datado os prazos devem superar três pagamentos .
apostar	A Estrela é uma das que aposta no sucesso da família Simba .
apostar	A empresa aposta em uma novidade : as Havaianas Top .
apostar	Eduardo Armando , diretor comercial da Db , aposta no aumento de seus negócios baseado no bom desempenho obtido nos segmentos de automóveis , imóveis em constução e eletrodomésticos .
apostar	A KFC aposta no « consumidor do futuro » .
apostar	Análise da Merril Lynch aposta num crescimento consistente dos lucros da Acesita nos próximos anos .
apostar	A corretora aposta na combinação de lucros maiores e um melhor cenário econômico para o país .
apostar	A Avon aposta , no entanto , que um tratamento para pele será tão bem aceito pela consumidora húngara quanto pela brasileira .
apostar	« O.ercado de trabalho para esta área apresenta concorrência grande e baixa oferta de posições » , afirma Kohler , que aposta numa melhoria com os programas de privatização .
apostar	Empresa de São Paulo aposta na qualidade e na participação para produzir mais .
apostar	O grupo aposta no aumento do faturamento em 10% em dólar este ano com o programa de Qualidade Total .
apostar	Para o futuro , ele aposta na descentralização do hospital .
apostar	Maioria aposta em Lula .
apostar	Os trabalhos revelaram que o eleitorado , ainda que mantenha desconfiança que o Plano Real pode acabar logo após a eleição , aposta na força da nova moeda .
apostar	PPR aposta em segurança pública .
apostar	Partido clandestino aposta na 'revolução ' .
n-é-verbo	Dentro do PT , Marco Aurélio Garcia , que coordenou a elaboração do programa de governo do candidato , é aposta certa .
apostar	Embora afirme que os nomes não estão em discussão ainda , Falcão aposta num governo de coalizão , mas com forte inserção petista .
apostar	O candidato do PDT aposta todas as suas fichas no horário eleitoral gratuito no rádio e na TV .
apostar	Rolim aposta no crescimento dos vôos regionais .
apostar	Mercadante aposta ainda que a « euforia » da população com o plano tende a diminuir , mas o partido vacila em bater de frente nas medidas .
apostar	Pelo menos é o que aposta Orestes Quércia , que cresceu menos do que esperava , com o atestado da Justiça e com o horário eleitoral .
n-é-verbo?#	O objetivo , conta o vice-presidente do grupo Luiz Roberto Martins , era preparar o banco para uma economia normalizada , sem inflação e com crescimento , aposta do Lloyds .
apostar	Carnaval aposta na divulgação em rede nacional de TV para arrumar dinheiro ; verba oficial será reduzida em 96 .
apostar#	« O.alto na qualidade do desfile vai atrair turistas e patrocínios de empresas » , aposta Raw .
apostar	Campeão em 1992 pela Estácio de Sá , Spinoza disse que a União da Ilha , escola da Ilha do Governador (zona norte do Rio) , usou « juventude , brilhantismo e energia » para se destacar , mas não aposta no favoritismo da sua escola .
apostar	O vice-presidente do Bradesco e presidente da Associação Brasileira de Empresas de Leasing , Antonio Bornia , também aposta num rápido crescimento dos negócios a prazo .
apostar	A NBA aposta agora todas suas fichas em Shaquille O.Neal .
apostar	Paulo Souto aposta no apoio de FHC .
apostar	PSDB aposta em ganhar SP , RJ e MG para governar .
apostar	O candidato do PSDB aposta nos indecisos para disputar o segundo turno .
apostar	Hoje , aposta que chegará entre os três primeiros deputados mais votados no Rio .
apostar	Rui Falcão , o atual presidente petista e representante na cúpula da ala esquerda do partido , aposta que o caminho de reorganização do PT passa também pela « ação institucional mais coordenada com o partido para evitar o individualismo » .
apostar	Malufismo aposta no prefeito para chegar a 98 .
apostar	Derrotado nas urnas , o malufismo aposta seu futuro político na imagem pessoal (e nas supostas sete vidas) do prefeito de São Paulo , Paulo Maluf que , mesmo durante a atual campanha , já se anunciou candidato a presidente em 98 .
apostar	Garotinho , por sua vez , aposta na isenção do presidenciável tucano na sucessão estadual .
apostar	Ele aposta no crescimento da bancada do PT na Câmara dos Deputados .
apostar	A empresa aposta em promoções e campanhas publicitárias intensas para garantir , juntamente com a evolução tecnológica do produto , a liderança do mercado .
apostar	O programa de Lula aposta na manutenção da estabilidade no emprego como forma de estruturação e continuidade de uma administração pública eficiente .
apostar	O candidato à Presidência pelo PSDB , Fernando Henrique Cardoso , aposta no processo de desintegração de seu principal aliado eleitoral , o PFL .
apostar	FHC aposta na desintegração do PFL .
apostar	Utilizado com estratégia , o saque forçado vem sendo usado cada vez mais como opção tática , provando que , como mostram as páginas seguintes , após quatro décadas de evolução o vôlei aposta no ataque total .
apostar	Hoje , a escola brasileira , que aposta na versatilidade de seus jogadores , influência as demais seleções de alto nível .
apostar	Lilico aposta em 'deputados ' .
apostar	PT aposta na militância para ir ao 2º turno .
apostar	Neste ano , Reinaldo aposta principalmente no trabalho que diz realizar no interior do Estado .
apostar	O ex-goleiro não despreza o peso eleitoral dos torcedores , mas também não aposta só em suas defesas dentro de campo para conseguir mais um mandato .
apostar	Candidato à presidência do Senado , José Eduardo de Andrade Vieira (PTB) aposta que uma eventual divisão do PMDB possa inviabilizar a candidatura do senador José Sarney (PMDB-AP) .
apostar	Lula disse que o partido aposta no tom emocional da campanha , nestes últimos dias que antecedem as eleições .
apostar	Rússia aposta em defesa para vencer .
apostar	Segundo ele pôde observar , o treinador do time italiano também aposta no fortalecimento de seu bloqueio .
apostar	Dos times que disputam as semifinais da Liga Italiana , em qual deles você aposta para ser o campeão da temporada ?
apostar	Apesar de reconhecer a superioridade técnica do São Paulo , o técnico Dé aposta na sua equipe .
apostar	O Mogi Mirim , do técnico Oswaldo Alvarez , aposta na velocidade do atacante Leto para garantir a vitória em casa .
apostar	Flamengo aposta em Sávio contra Botafogo .
apostar	Para ele , a seleção tem chance de vencer a Copa , e aposta no ídolo , o meia-esquerda Zinho .
apostar	Como a pista é nova , Senna aposta em sua experiência de três títulos mundiais para tirar alguma vantagem .
apostar	« Mas não terão espírito de revanchismo por terem sido preteridos na seleção que joga hoje na França » , aposta .
apostar	Técnico aposta no controle emocional .
apostar	Para conseguir realizar uma boa campanha no Brasileiro , o técnico Geninho , do União São João , aposta no entrosamento do time .
apostar	Juninho deverá ser uma opção para o técnico Telê Santana , que aposta no esquema do contra-ataque diante dos paraguaios .
apostar	O lateral-esquerdo Roberto Carlos aposta num bom entrosamento com o novo companheiro .
apostar	O técnico Cilinho aposta em seu ataque para conseguir a 1ª vitória do Bragantino no Campeonato Brasileiro hoje , às 16h , em Criciúma contra o time local .
apostar	Equipe aposta na experiência .
apostar	Destaque do Corinthians anteontem contra o Bragantino , o goleiro Ronaldo aposta que seu time será o campeão de 94 .
apostar	O Botafogo , único a chegar e ser eliminado às quartas-de-final , aposta na arrecadação do seu bingo e de lojas alugadas num shopping center construído em terreno seu para montar um time melhor no que vem .
apostar	Treinador do Guarani aposta na obediência tática do time .
apostar	Levir Culpi aposta na experiência do time para conseguir a vaga na final .
apostar	Se , por um lado , o coração da maioria dos paulistanos pende para o corinthians , a razão , por outro , aposta no Palmeiras .
apostar	Uma das jogadas ofensivas em que Wanderley Luxemburgo mais aposta é feita pela direita , com o lateral Cláudio , cujo passe foi comprado do Flamengo .
apostar	Técnico aposta em dupla veloz .
apostar	O técnico interino Muricy Ramalho , que comanda um São Paulo muito desfalcado esta tarde no Morumbi , aposta na dupla Juninho e Euller , pela direita , um dos poucos setores que restaram intactos no time , para chegar à vitória .
apostar	Enquanto o time de Bragança aposta nos gols do atacante Silvio , vice-artilheiro do Paulistão com cinco gols , o União não poderá contar com o ponta-direita Israel , artilheiro do time também com cinco gols .
apostar	O atacante Edmundo aposta que a chave da vitória de hoje estará na marcação .
apostar	A emissora está montando um estúdio de 326 metros quadrados no IBC e aposta alto na transmissão dos jogos .
apostar	Senna aposta que a Ferrari será a grande pedra em sua sapatilha .
apostar	A equipe aposta no sucesso do conjunto melhor motor-melhor piloto , aliado a um chassi que cumpre bem a função de carregar com eficiência aquele que o dirige e o propulsor que o empurra .
apostar	E , além deles , o técnico Jair Picerni aposta na velocidade dos atacantes Israel e Osias .
apostar	Imbituba aposta alto nos esportes de ação .
apostar	Outro em que Riul aposta é no lateral-direito Valdo , que , segundo o técnico , ainda está « preso » .
apostar	« Com a convocação dos jogadores do São Paulo para a seleção , meus planos de ficar no profissional devem dar certo » , aposta Jamelli , que até já escolheu o seu substituto : o atacante Caio , 18, formado nas equipes inferiores do próprio clube .
apostar	Martínez aposta no seu sólido jogo de fundo de quadra para tentar rebater as subidas à rede da norte-americano .
apostar	Líder do time , líbero aposta na velocidade do ataque e na eficiência da defesa para anular Romário e Bebeto .
apostar	Time aposta no meia Hagi .
apostar	Técnico aposta na eficiência da Holanda .
apostar	Seleção feminina de vôlei aposta em reabilitação no campo , depois de perder 'de goleada ' para brasileiras na quadra .
apostar	Seleção sueca aposta no seu rigor tático .
apostar	Muita gente aposta que o futuro de Hill na Williams é curto .
apostar	Moraci aposta no preparo físico do time .
apostar	Penev aposta no seu meio-campo .
apostar	O jornal aposta na vitória brasileira contra a Itália , no domingo , assim como o outro jornal esportivo de Barcelona , « El Mundo Deportivo » .
apostar	Sacchi aposta na marcação por zona .
apostar	Médico aposta na vontade .
apostar	« Vai ser 3 a 0, com gols de Romário , Bebeto e Branco » , aposta a cantora Beth Carvalho .
apostar	O presidente da Bolívia , Gonzalo Sánchez de Lozada , também aposta no Brasil .
apostar	O principal goleador da história da seleção italiana , Gigi Riva , aposta no Brasil .
apostar	Segunda colocada em seu grupo na fase classificatória , Cuba , comandada pelo técnico Juan Diaz , aposta na experiência de Joel Despaigne para superar a Rússia , dirigida por Victor Radin , que traz como uma de suas armas Dimitri Fomin , um gigante no bloqueio .
apostar	O « espião » da seleção brasileira de vôlei aposta numa final da Liga Mundial entre Brasil e Holanda , repetindo a final da Olimpíada de Barcelona .
apostar	Já o argentino Julio Velasco , técnico da Itália , aposta no bloqueio de Gravina para conter o ataque brasileiro .
apostar	Já a Itália aposta em Tofoli , que se mantém firme no posto de titular do time de Julio Velasco .
apostar?	Mosley aposta prestígio contra equipes .
apostar	Parreira ainda aposta em Raí para a equipe titular .
n-é-verbo	O dirigente colombiano afirmou que a entidade pretende combater a violência nos jogos e aposta .
apostar	A Bélgica aposta todo o seu jogo no centroavante Josip Weber .
apostar	Confiante no potencial da equipe vitoriosa de 90, quando foi auxiliar de Beckenbauer , o técnico alemão aposta na filosofia que hoje domina o futebol de seu país : o investimento no coletivo é que traz benefícios pessoais .
apostar	Hortência aposta na vitória .
apostar	Camarões , ao contrário , aposta em passes longos , com até sete jogadores participando dos ataques.
apostar	Treinador aposta na velocidade para ganhar hoje o primeiro jogo da seleção coreana em seu quarto Mundial .
apostar	O treinador boliviano , que anteontem assistiu com sua equipe ao jogo entre Argentina e Grécia (4 a 0) , aposta na habilidade do atacante Ramallo e do meio-campista Sánchez para vencer a partida .
apostar	Com o ânimo abatido pelo empate com a Bolívia , o técnico Kim Ho aposta no preparo físico de seus atletas .
apostar	Zé Roberto aposta no saque forçado , para ele a grande arma das equipes este ano .
apostar	Do outro lado , o Utah despachou a zebra Denver Nuggets (que na primeira fase do playoff eliminou o favoritíssimo Seattle SuperSonics) e aposta em Karl Malone para chegar à final da NBA .
apostar	A cervejaria Budweiser aposta no público hispânico e usa , como porta-voz , o técnico Bora Milutinovic , dos EUA .
apostar	Chastian aposta no favoritismo do Brasil para esta Copa do Mundo .
apostar	Flu aposta em 'meia ' Branco contra o Fla .
apostar	O Fluminense aposta hoje contra o Flamengo , às 17h no Maracanã , na sua mais bem-sucedido inovação do ano : o lateral-esquerdo da seleção brasileira , Branco , que passou a jogar no meio-campo .
apostar	Uma das atletas mais regulares do BCN , Kika , 23, aposta no entusiasmo da torcida em seu ginásio para incentivar a equipe .
apostar	Dirigente aposta na união com torcida .
apostar	A Set aposta que as pessoas que tiverem algum problema com a polícia não aceitarão se credenciar , causando uma seleção natural .
?#	« O.uarani pode tropeçar nos dois últimos jogos » , aposta o técnico Candinho , que também conta com a hipótese de classificar sua equipe pelo índice técnico .
apostar	O diretor de futebol do São Paulo , Márcio Aranha , apóia a decisão do treinador e aposta numa hegemonia dos garotos no futuro .
apostar	O Atlético aposta na união dos jogadores para seguir no Campeonato Brasileiro .
apostar	Telê aposta hoje nos 'baixinhos ' .
apostar	São Paulo aposta em Juninho e Pavão , os dois com 1,67 m , contra o Guarani no Morumbi .
apostar	O treinador aposta nos jogos em casa para garantir a classificação .
apostar	Também o Guarani aposta na ofensividade .
apostar	O professor aposta que Schumacher fatura o Mundial este ano .
apostar	O Flamengo aposta numa variação tática para vencer hoje o Sport a partir das 16h , no estádio da Ilha do Retiro , em Recife (PE) .
apostar	A seleção aposta numa virada tática graças à ousadia do técnico Bernardo Rezende e a uma revolução nos métodos de preparação física que tornou viável a mudança na maneira de jogar .
apostar	A seleção brasileira aposta hoje no bloqueio para conter o saque da Romênia , na partida de estréia das duas equipes no 12º Campeonato Mundial Feminino de Vôlei .
apostar	O Botafogo aposta na torcida do Santos para vencer hoje na Vila Belmiro .
apostar	O Botafogo aposta no exemplo dado pelo Flamengo no sábado para vencer hoje o Palmeiras .
apostar	Palhinha aposta em Cleison para marcar os gols que não foram conseguidos nesta fase da competição .
apostar	Bernardinho aposta com 4 no ataque para Mundial .
apostar	Woodstock'94, por sua vez , aposta fichas em grupos atuais .
apostar	Jennifer Lynch aposta também na confusão entre sonho e realidade .
apostar	É fã confesso do estilista belga Martin Margiela , ele diz que aposta na intuição em suas criações .
apostar	Mistura cetim com roupas de fibras , mostra o lado executivo com calças e blazers e aposta numa silhueta jovem e , sobretudo , bem magra .
apostar	« Será como a pizza » , aposta José Luiz , que acredita que o bagel pode virar um hábito no Brasil .
apostar	Ele aposta em uma campanha pouco mais sutil .
apostar	« Vai ter muito playboy e muita 'lôraburra ' na platéia , mas eles vão cantar junto » , aposta .
apostar	Na abertura , a participação da Zapping , que já aposta na casa e , assim , sai na frente .
apostar	Ao embaralhar os papéis e as expectativas , Palminteri e De Niro construíram um filme sensível , que aposta na grandiosidade emocional dos personagens e dá uma definição simpática e positiva a um tema muito caro à Máfia : a família , ou seja , aqueles que você encontra ao longo de sua vida e com quem estabelece os laços mais profundos de amizade , fidelidade e compromisso .
apostar	Massive Attack aposta na « ambient music » .
apostar	Mendonça aposta no 'marketing cultural ' .
apostar	A fundação « aposta » em um projeto : pode perder ou ganhar .
apostar	O Cha Cha Cha aposta em novas tendências e lança a noite gay mais fervida e mixed de SP .
apostar	Tudo parece correr de acordo com os planos de Mussburger , sobretudo quando entra em cena Amy Archer (Jennifer Jason Leigh) , uma repórter carreirista que aposta seu prêmio Pulitzer na tese de que Norville Barnes é mesmo um descerebrado .
apostar	Mas Baker aposta que todo mundo está louco para ler .
apostar	O interesse pela música está voltando » , aposta Falcão , que pretende lançar uma média de oito títulos por mês .
apostar	Bienal aposta em brasileiros jovens .
apostar	Hollywood aposta no infantilismo tético .
apostar	Que revogou a lei das probabilidades : você aposta e o João Alves ganha !
apostar	« Acreditamos em uma forte tendência baseada no samba » , diz Alberto Runkel , 35, diretor de marketing de repertório nacional da EMI-Odeon , que aposta na liderança de vendas desse gênero pelo menos durante o primeiro semestre .
apostar#	« A.úsica popular brasileira foi revitalizada em 93 e isso pode sinalizar uma eventual tendência para este ano » , acredita José Antonio Éboli , 37, diretor de marketing da Sony , que em relação ao binômio samba/forró aposta mais no último .
apostar	Na área do jazz , o festival aposta em várias revelações recentes , como o pianista Cyrus Chestnut , o trompetista Roy Hargrove , o safonista Joshua Redman , ou mesmo a cantora Cassandra Wilson , que está na estrada há uma década , mas só foi descoberta agora pela mídia .
apostar	Os comprimentos mínis ou no joelho vêm idealizados por Marc Jacobs e Calvin Klein , enquanto Donna Karan aposta na feminilidade esta sim , um clássico .
apostar	A Sony Classical aposta no produto .
apostar	Lula aposta , certamente , na « ingovernabilidade » .
apostar	No entanto , ainda na dúvida se deve mesmo mudar seu estilo tão rentável , James também aposta no óbvio : a velha « fusion » (fusão do jazz com o pop e o rock) .
apostar	Diretor de festival aposta na tecnologia .
apostar	Enquanto a inglesa Misty Oldland passeia por todos os estilos baladas , soul e reggae com uma voz razoável , tentando imitar Janet Jackson , Tia Carrere aposta no rock baba .
apostar	São eles : Jungle Bells , o trabalho experimental do DJ Renato Lopes com o produtor Apolo 9; Habitants , formado por Sergio Carvalho , Renato Garga e Renato Malin o melhor tecno feito na cidade ; Sky Dreamers , com o DJ Gil Barbara e o tecladista Franco Jr ., ex-integrante do Rpm ; e o Da Laab , formado pelo DJ Mau Mau e Edu K. do De Falla , que aposta mais no uso de vocais .
apostar	O segundo mantém fidelidade desde os anos 70 à tradição experimentalista e minimalista , mas cada vez mais aposta na dissipação das fronteiras do erudito com o pop (leia texto à direita) .
apostar	Zizi aposta na qualidade e acerta de novo .
n-é-verbo	Diretor é aposta pouco arriscada .
apostar	SBT aposta em « transmissão didática » .
apostar	SBT aposta na transparência das gafes .
apostar	Sangiorgi afirma que a nova montagem aposta na teatralidade e no humor .
apostar	A nova coleção de Yves Saint Laurent aposta com tudo nas bandeiras .
apostar	Enquanto isso , a TV Manchete aposta no carisma e experiência da modelo carioca Georgia Wortman .
apostar	O mais tradicional festival de vídeo brasileiro , nessa busca , aposta nas performances (quatro) e videoinstalações (12) e reformula suas mostras e competição , pautando seus 11 programas a partir de um tema comum : a poesia .
apostar	Whit Stillman aposta no cinema da palavra .
apostar	Ele aposta os bens da família e perde até a mansão do patriarca .
apostar	Grupo aposta na fragilidade .
apostar?#	É quando aposta na fragilidade que o grupo se revela mais sedutor .
apostar	Benetton aposta no básico para verão 95 .
apostar	Mas agora o marido de Sylvia aposta no « tudo pelo social » .
apostar	Tim Rice aposta no poder do cinema .
apostar#	« O.piranga assumiu características residenciais mais fortes nos meados dos anos 80 ", afirma Dolzonan da Cunha Mattos , 45, diretor-superintendente da Encol , que aposta maciçamente na nova vocação do bairro .
apostar	Uma das construtoras que aposta na região é a Inpar , que adquiriu quatro terrenos entre as ruas Poetisa Colombina e Gastão do Rego do Monteiro para dois prédios o Columbia Park e o Forest Park .
apostar	A Novell assume o suporte da « Quatro Pro » em maio e a Borland aposta nos bancos de dados e linguagens , pensando nos clientes que irão crescer como usuário .
apostar	Alfa Digital aposta em nova linha de micros .
apostar	Apesar de o lançamento do sistema operacional da Microsoft ter sido adiado para depois do primeiro trimestre do próximo ano , a Alfa Digital aposta suas fichas e direciona seus lançamentos de 95 para micros com nova arquitetura para atender as especificações do sistema « Windows 95 » .
apostar	O Sudameris aposta nos caixas de pagamento automático de contas e o Nacional terá centrais de auto-atendimento nas agências .
apostar	A Xerox aposta num futuro de livrarias sem livros mas cheias de impressoras .
apostar	A Microtec aposta em ofertas para a comunidade acadêmica e lança na Fenasoft o DECteacher e o DECstudent , programas de financiamento de computadores Digital para estudantes e professores .
apostar	A Lotus aposta alto no mercado de comunicação e está instalando no país a rede Notes Communication Highway .
apostar	A indústria do entretenimento aposta alto em títulos para resgatar detalhes da história .
apostar	A Epson também aposta no mercado de pequenas e médias empresas e traz ao Brasil um novo modelo de sua linha de impressoras ActionLaser .
apostar	Se você não aposta tudo , você não é aquilo .
apostar	Assim , aposta todas as suas fichas na expectativa de que isso ocorra no futuro próximo .
apostar	É nesta possibilidade metafórica que o escritor Paolo Maurensig aposta ao longo de A.ariante Luneburg .
apostar	Apesar dos laços umbilicais com os franciscanos , Nasser diz que o único ponto de coincidência ideológica da « Cultura Vozes » com a Igreja é « a defesa de um humanismo que aposta no ressurgimento das utopias » .
apostar	Berlusconi aposta cargo contra prisão de suspeitos .
apostar	Ao contrário de seu adversário , Samper não aposta todas as fichas no papel regulador das forças do mercado e , pelo menos em campanha , se mostra preocupado com problemas sociais .
apostar	Major aposta governo em projeto para a UE .
apostar	Peres aposta na integração .
apostar	O mercado futuro de IGP-M aposta que em janeiro os preços subirão em média mais de 40% .
apostar	Tudo seria ótimo e tal otimismo seria oportuno , não revelasse a mesma sondagem que a maioria desses dirigentes aposta numa inflação mensal até o fim do ano que , se confirmada , poderia significar a falência do Plano Real .
apostar	Brasília Começou a contagem regressiva do Plano Real e o comando da campanha de Fernando Henrique Cardoso aposta que a inflação vai despencar .
apostar	A campanha de FHC aposta que o eleitorado é realista o bastante para assinar embaixo de um programa de estabilidade , privatização e abertura exterior .
apostar	O governo aposta em que a âncora salarial logo se faça sentir e iniba remarcações selvagens .
apostar	O Plano Real aposta na âncora cambial : segurar o câmbio e reduzir o superávit no comércio externo , contando com novos financiamentos internacionais .
apostar	Ou seja , o governo aposta num modelo novo de desenvolvimento econômico , em que o Estado gasta menos (e gera um superávit fiscal) enquanto cabe à iniciativa privada direcionar o processo de crescimento , com investimentos domésticos e externos .
n-é-verbo	Sem responsabilidade , ela degenera em credulidade , ou seja , aposta irracional em que algo tem que dar certo .
apostar	O governo aposta num modelo de ajuste em que as importações ajudariam a suprir o mercado interno .
apostar	E ficará mais desigual se o PT passar a imagem de que , desesperado , aposta na crise para faturar votos .
apostar	« Vamos superar a barreira de tantas palavras » , aposta Júlia .
apostar	Dolce & Gabbana recupera os anos 40 e aposta na beleza madura .
apostar	Por isso o país aposta tudo nas eleições , em busca de uma solução para seus problemas .
apostar	Enquanto a DC Comics aposta em morte (do Super-Homem) e paralisia (do Batman) , sua arquirival Marvel continua investindo no matrimônio para chamar a atenção de seus leitores .
apostar	A jogadora Paula , maior estrela do Pan-Americano , aposta no talento das meninas .
apostar	Para o verão , a Doce Mania aposta em sobremesas mais leves , como os mouses de maracujá , coco e menta .
apostar	Empresa aposta em travesseiro com aroma .
apostar	Empresa aposta em motivos náuticos .
apostar	Empresa aposta em tortas congeladas .
apostar	WG aposta na produção de grampos e clipes .
apostar	O China in Box que aposta na entrega a domicílio começa a vender franquias a partir de agosto .
apostar?	Confecção aposta em artigos de viagem .
apostar	Para quem aposta em mais um feriado de muito sol e calor , aí vão algumas dicas para quem quer aproveitar o « veranico » dos descolados .
apostar	Quem aposta no sol descobre logo nas primeiras curvas da Rio-Santos as melhores praias do litoral norte de São Paulo e nos « resorts » do Nordeste o clima perfeito de « ilha da fantasia » .
apostar	Em sua precária esteira rolante , passageiros disputam a bagagem como quem aposta numa rinha de briga de galos .
apostar	O grupo Aoki , que controla as marcas Caesar Park , Caesar Court & Towers e Westin , vendeu parte de seus hotéis Westin no mundo e aposta na América Latina e Ásia para investir em hotelaria .
apostar	Nos cassinos se aposta um mínimo de US$ 0,05 .
apostar	O Sheraton Mofarrej aposta na Copa do Mundo para incrementar a ocupação do hotel em julho .
apostar	Como as medidas do governo para conter o consumo não atingiram o turismo , o mercado aposta que o brasileiro vai continuar viajando .
apostar	A empresa aposta em aviões novos e no atendimento personalizado ao passageiro para alçar vôos mais altos .
apostar	« Vai despertar o interesse das pessoas » , aposta .
apostar	TV Alpha aposta na discrição e no erotismo de « bom nível » .
apostar	Raimi aposta numa visão experimentalista da disputa entre os que habitam o bem e os que infestam o outro lado .
apostar	Nas transmissões dos campeonatos espanhol e carioca , a emissora aposta no charme dos veteranos Hans Henningesen (ou « marinheiro sueco » , como o chamava Nelson Rodrigues na lendária mesa-redonda « Resenha Facit » ) e Sérgio Cabral .
apostar	Rede Record aposta em seriados para melhorar a programação .
apostar	A Ford aposta tudo no Mondeo , novo sedã médio de luxo , carro mundial da marca .
apostar	O mercado esteve desaquecido semana passada por causa da estréia do real , mas aposta em reação na segunda quinzena deste mês .
apostar	Com isso a tendência é haver aumento nas vendas de carros » , aposta Paulo Aquino , 45, diretor da Checar , revendedora Chevrolet .
apostar	A Fiat aposta na « modernidade » do Uno atual , que ainda deve manter o fôlego até 1996 .
apostar	A Hyundai aposta tudo no Accent substituto do Excel , que já saiu de linha na Coréia .
